c:\users\cgrif\source\repos\opengl\opengl\x64\debug\vc143.pdb
c:\users\cgrif\source\repos\opengl\opengl\x64\debug\vc143.idb
c:\users\cgrif\source\repos\opengl\opengl\x64\debug\glad.obj
c:\users\cgrif\source\repos\opengl\opengl\x64\debug\vertices.obj
c:\users\cgrif\source\repos\opengl\opengl\x64\debug\callbacks.obj
c:\users\cgrif\source\repos\opengl\opengl\x64\debug\main.obj
c:\users\cgrif\source\repos\opengl\opengl\x64\debug\shaders.obj
c:\users\cgrif\source\repos\opengl\x64\debug\opengl.exe
c:\users\cgrif\source\repos\opengl\x64\debug\opengl.pdb
c:\users\cgrif\source\repos\opengl\opengl\x64\debug\opengl.ilk
c:\users\cgrif\source\repos\opengl\opengl\x64\debug\constants.obj
c:\users\cgrif\source\repos\opengl\opengl\x64\debug\fragmentshader.obj
c:\users\cgrif\source\repos\opengl\opengl\x64\debug\main2.obj
c:\users\cgrif\source\repos\opengl\opengl\x64\debug\vertexshader.obj
c:\users\cgrif\source\repos\opengl\opengl\x64\debug\opengl.tlog\cl.command.1.tlog
c:\users\cgrif\source\repos\opengl\opengl\x64\debug\opengl.tlog\cl.items.tlog
c:\users\cgrif\source\repos\opengl\opengl\x64\debug\opengl.tlog\cl.read.1.tlog
c:\users\cgrif\source\repos\opengl\opengl\x64\debug\opengl.tlog\cl.write.1.tlog
c:\users\cgrif\source\repos\opengl\opengl\x64\debug\opengl.tlog\link.command.1.tlog
c:\users\cgrif\source\repos\opengl\opengl\x64\debug\opengl.tlog\link.read.1.tlog
c:\users\cgrif\source\repos\opengl\opengl\x64\debug\opengl.tlog\link.secondary.1.tlog
c:\users\cgrif\source\repos\opengl\opengl\x64\debug\opengl.tlog\link.write.1.tlog
