c:\users\cgrif\source\repos\openglexperimenting\openglex.48cbbde3\x64\debug\vc143.pdb
c:\users\cgrif\source\repos\openglexperimenting\openglex.48cbbde3\x64\debug\vc143.idb
c:\users\cgrif\source\repos\openglexperimenting\openglex.48cbbde3\x64\debug\glad.obj
c:\users\cgrif\source\repos\openglexperimenting\openglex.48cbbde3\x64\debug\qolfunctions.h.ifc
c:\users\cgrif\source\repos\openglexperimenting\openglex.48cbbde3\x64\debug\qolfunctions.h.ifc.d.json
c:\users\cgrif\source\repos\openglexperimenting\openglex.48cbbde3\x64\debug\qolfunctions.h.obj
c:\users\cgrif\source\repos\openglexperimenting\openglex.48cbbde3\x64\debug\shaders.obj
c:\users\cgrif\source\repos\openglexperimenting\openglex.48cbbde3\x64\debug\main.obj
c:\users\cgrif\source\repos\openglexperimenting\x64\debug\openglexperimenting.exe
c:\users\cgrif\source\repos\openglexperimenting\x64\debug\openglexperimenting.pdb
c:\users\cgrif\source\repos\openglexperimenting\openglex.48cbbde3\x64\debug\qolfunctions.h.module.json
c:\users\cgrif\source\repos\openglexperimenting\openglex.48cbbde3\x64\debug\openglexperimenting.ilk
c:\users\cgrif\source\repos\openglexperimenting\openglex.48cbbde3\x64\debug\openglex.48cbbde3.tlog\cl.command.1.tlog
c:\users\cgrif\source\repos\openglexperimenting\openglex.48cbbde3\x64\debug\openglex.48cbbde3.tlog\cl.items.tlog
c:\users\cgrif\source\repos\openglexperimenting\openglex.48cbbde3\x64\debug\openglex.48cbbde3.tlog\cl.read.1.tlog
c:\users\cgrif\source\repos\openglexperimenting\openglex.48cbbde3\x64\debug\openglex.48cbbde3.tlog\cl.write.1.tlog
c:\users\cgrif\source\repos\openglexperimenting\openglex.48cbbde3\x64\debug\openglex.48cbbde3.tlog\link.command.1.tlog
c:\users\cgrif\source\repos\openglexperimenting\openglex.48cbbde3\x64\debug\openglex.48cbbde3.tlog\link.read.1.tlog
c:\users\cgrif\source\repos\openglexperimenting\openglex.48cbbde3\x64\debug\openglex.48cbbde3.tlog\link.secondary.1.tlog
c:\users\cgrif\source\repos\openglexperimenting\openglex.48cbbde3\x64\debug\openglex.48cbbde3.tlog\link.write.1.tlog
c:\users\cgrif\source\repos\openglexperimenting\openglex.48cbbde3\x64\debug\openglex.48cbbde3_md.tlog\cl.command.1.tlog
c:\users\cgrif\source\repos\openglexperimenting\openglex.48cbbde3\x64\debug\openglex.48cbbde3_md.tlog\microsoft.build.cpptasks.cl.read.1.tlog
c:\users\cgrif\source\repos\openglexperimenting\openglex.48cbbde3\x64\debug\openglex.48cbbde3_md.tlog\microsoft.build.cpptasks.cl.write.1.tlog
